<?xml version="1.0" encoding="UTF-8"?>
<!-- Generated by org.testng.reporters.JUnitXMLReporter -->
<testsuite hostname="DESKTOP-27L8JE7" ignored="0" name="RegressionTest" tests="4" failures="0" timestamp="2020-09-23T13:05:02 IST" time="203.316" errors="0">
  <testcase name="f" time="4.388" classname="com.project.SeptemberSelenium12PMMaven.TC_006"/>
  <testcase name="checkboxTest" time="1.172" classname="com.project.SeptemberSelenium12PMMaven.CheckBox1"/>
  <testcase name="linktesting1" time="1.033" classname="com.project.SeptemberSelenium12PMMaven.LinksTesting1"/>
  <testcase name="radioButtonTest" time="1.138" classname="com.project.SeptemberSelenium12PMMaven.RadioButton1"/>
</testsuite> <!-- RegressionTest -->
