<?xml version="1.0" encoding="UTF-8"?>
<!-- Generated by org.testng.reporters.JUnitXMLReporter -->
<testsuite hostname="DESKTOP-27L8JE7" ignored="0" name="smokeTest" tests="2" failures="0" timestamp="2020-09-23T12:54:25 IST" time="24.664" errors="0">
  <testcase name="checkboxTest" time="0.554" classname="com.project.SeptemberSelenium12PMMaven.CheckBox1"/>
  <testcase name="radioButtonTest" time="0.553" classname="com.project.SeptemberSelenium12PMMaven.RadioButton1"/>
</testsuite> <!-- smokeTest -->
